0 info it worked if it ends with ok
1 verbose cli [ 'node', '/opt/boxen/nodenv/versions/v0.12.0/bin/npm', 'start' ]
2 info using npm@2.7.1
3 info using node@v0.12.0
4 verbose run-script [ 'prestart', 'start', 'poststart' ]
5 info prestart gmaps@0.4.17
6 info start gmaps@0.4.17
7 verbose unsafe-perm in lifecycle true
8 info gmaps@0.4.17 Failed to exec start script
9 verbose stack Error: gmaps@0.4.17 start: `node server.js`
9 verbose stack Exit status 1
9 verbose stack     at EventEmitter.<anonymous> (/opt/boxen/nodenv/versions/v0.12.0/lib/node_modules/npm/lib/utils/lifecycle.js:213:16)
9 verbose stack     at EventEmitter.emit (events.js:110:17)
9 verbose stack     at ChildProcess.<anonymous> (/opt/boxen/nodenv/versions/v0.12.0/lib/node_modules/npm/lib/utils/spawn.js:14:12)
9 verbose stack     at ChildProcess.emit (events.js:110:17)
9 verbose stack     at maybeClose (child_process.js:1008:16)
9 verbose stack     at Process.ChildProcess._handle.onexit (child_process.js:1080:5)
10 verbose pkgid gmaps@0.4.17
11 verbose cwd /Users/makerslaptop20/projects/street-pacman-js
12 error Darwin 14.0.0
13 error argv "node" "/opt/boxen/nodenv/versions/v0.12.0/bin/npm" "start"
14 error node v0.12.0
15 error npm  v2.7.1
16 error code ELIFECYCLE
17 error gmaps@0.4.17 start: `node server.js`
17 error Exit status 1
18 error Failed at the gmaps@0.4.17 start script 'node server.js'.
18 error This is most likely a problem with the gmaps package,
18 error not with npm itself.
18 error Tell the author that this fails on your system:
18 error     node server.js
18 error You can get their info via:
18 error     npm owner ls gmaps
18 error There is likely additional logging output above.
19 verbose exit [ 1, true ]
